14:24:28.417 INFO  i.c.s.n.SocialNetworkApplication - Starting SocialNetworkApplication v1.0.0 on ThinkPad-T480 with PID 40694 (/home/aadi/Workspaces/SpringBootSocialNetwork-master/web.social.network/target/social-network.jar started by aadi in /home/aadi/Workspaces/SpringBootSocialNetwork-master/web.social.network/target)
14:24:28.420 DEBUG i.c.s.n.SocialNetworkApplication - Running with Spring Boot v2.1.7.RELEASE, Spring v5.1.9.RELEASE
14:24:28.420 INFO  i.c.s.n.SocialNetworkApplication - The following profiles are active: dev
14:24:29.493 INFO  o.s.d.r.c.RepositoryConfigurationDelegate - Bootstrapping Spring Data repositories in DEFAULT mode.
14:24:29.650 INFO  o.s.d.r.c.RepositoryConfigurationDelegate - Finished Spring Data repository scanning in 149ms. Found 4 repository interfaces.
14:24:30.159 INFO  o.s.c.s.PostProcessorRegistrationDelegate$BeanPostProcessorChecker - Bean 'org.springframework.transaction.annotation.ProxyTransactionManagementConfiguration' of type [org.springframework.transaction.annotation.ProxyTransactionManagementConfiguration$$EnhancerBySpringCGLIB$$a729b632] is not eligible for getting processed by all BeanPostProcessors (for example: not eligible for auto-proxying)
14:24:30.520 INFO  o.s.b.w.e.tomcat.TomcatWebServer - Tomcat initialized with port(s): 8080 (http)
14:24:30.544 INFO  o.a.coyote.http11.Http11NioProtocol - Initializing ProtocolHandler ["http-nio-8080"]
14:24:30.561 INFO  o.a.catalina.core.StandardService - Starting service [Tomcat]
14:24:30.561 INFO  o.a.catalina.core.StandardEngine - Starting Servlet engine: [Apache Tomcat/9.0.22]
14:24:30.705 INFO  o.a.c.c.C.[Tomcat].[localhost].[/] - Initializing Spring embedded WebApplicationContext
14:24:30.706 INFO  o.s.web.context.ContextLoader - Root WebApplicationContext: initialization completed in 2227 ms
14:24:31.429 INFO  com.zaxxer.hikari.HikariDataSource - HikariPool-1 - Starting...
14:24:31.649 INFO  com.zaxxer.hikari.HikariDataSource - HikariPool-1 - Start completed.
14:24:31.709 INFO  o.h.jpa.internal.util.LogHelper - HHH000204: Processing PersistenceUnitInfo [
	name: default
	...]
14:24:31.795 INFO  org.hibernate.Version - HHH000412: Hibernate Core {5.3.10.Final}
14:24:31.797 INFO  org.hibernate.cfg.Environment - HHH000206: hibernate.properties not found
14:24:32.034 INFO  o.h.annotations.common.Version - HCANN000001: Hibernate Commons Annotations {5.0.4.Final}
14:24:32.343 INFO  org.hibernate.dialect.Dialect - HHH000400: Using dialect: org.hibernate.dialect.H2Dialect
14:24:32.981 DEBUG org.hibernate.SQL - drop table friendship if exists
14:24:32.983 DEBUG org.hibernate.SQL - drop table messages if exists
14:24:32.984 DEBUG org.hibernate.SQL - drop table role if exists
14:24:32.984 DEBUG org.hibernate.SQL - drop table user if exists
14:24:32.985 DEBUG org.hibernate.SQL - drop table user_role if exists
14:24:32.988 DEBUG org.hibernate.SQL - create table friendship (id bigint generated by default as identity, accepted boolean, user_receiver bigint, user_sender bigint, primary key (id))
14:24:33.003 DEBUG org.hibernate.SQL - create table messages (id integer generated by default as identity, message varchar(255), time timestamp, receiver bigint, sender bigint, primary key (id))
14:24:33.006 DEBUG org.hibernate.SQL - create table role (id bigint generated by default as identity, name varchar(255), primary key (id))
14:24:33.011 DEBUG org.hibernate.SQL - create table user (id bigint generated by default as identity, date_of_birth date, username varchar(255), first_name varchar(255), image varchar(255), last_name varchar(255), password varchar(255), phone varchar(255), sex integer, primary key (id))
14:24:33.014 DEBUG org.hibernate.SQL - create table user_role (user_id bigint not null, role_id bigint not null)
14:24:33.017 DEBUG org.hibernate.SQL - alter table user add constraint UK_sb8bbouer5wak8vyiiy4pf2bx unique (username)
14:24:33.024 DEBUG org.hibernate.SQL - alter table friendship add constraint FKlf0nqje9k08cimvk4tsnb2bgg foreign key (user_receiver) references user
14:24:33.035 DEBUG org.hibernate.SQL - alter table friendship add constraint FKngs34a7uptf3lmnefiigk1ktd foreign key (user_sender) references user
14:24:33.043 DEBUG org.hibernate.SQL - alter table messages add constraint FK8q4vrb5gjo5j0t8gv51qj3se9 foreign key (receiver) references user
14:24:33.046 DEBUG org.hibernate.SQL - alter table messages add constraint FKelhs6sn3e7n5nhphoiht9jqes foreign key (sender) references user
14:24:33.049 DEBUG org.hibernate.SQL - alter table user_role add constraint FKa68196081fvovjhkek5m97n3y foreign key (role_id) references role
14:24:33.059 DEBUG org.hibernate.SQL - alter table user_role add constraint FK859n2jvi8ivhui0rl0esws6o foreign key (user_id) references user
14:24:33.066 INFO  o.h.t.s.internal.SchemaCreatorImpl - HHH000476: Executing import script 'org.hibernate.tool.schema.internal.exec.ScriptSourceInputNonExistentImpl@291373d3'
14:24:33.069 INFO  o.s.o.j.LocalContainerEntityManagerFactoryBean - Initialized JPA EntityManagerFactory for persistence unit 'default'
14:24:34.146 INFO  o.s.s.web.DefaultSecurityFilterChain - Creating filter chain: any request, [org.springframework.security.web.context.request.async.WebAsyncManagerIntegrationFilter@36e43829, org.springframework.security.web.context.SecurityContextPersistenceFilter@1163a27, org.springframework.security.web.header.HeaderWriterFilter@1642eeae, org.springframework.security.web.csrf.CsrfFilter@2262d6d5, org.springframework.security.web.authentication.logout.LogoutFilter@e280403, org.springframework.security.web.authentication.UsernamePasswordAuthenticationFilter@27a09971, org.springframework.security.web.savedrequest.RequestCacheAwareFilter@502a4156, org.springframework.security.web.servletapi.SecurityContextHolderAwareRequestFilter@6a1ef65c, org.springframework.security.web.authentication.AnonymousAuthenticationFilter@152c4495, org.springframework.security.web.session.SessionManagementFilter@28a9494b, org.springframework.security.web.access.ExceptionTranslationFilter@45ab3bdd, org.springframework.security.web.access.intercept.FilterSecurityInterceptor@31b82e0f]
14:24:34.401 INFO  o.s.s.c.ThreadPoolTaskExecutor - Initializing ExecutorService 'applicationTaskExecutor'
14:24:34.487 WARN  o.s.b.a.o.j.JpaBaseConfiguration$JpaWebConfiguration$JpaWebMvcConfiguration - spring.jpa.open-in-view is enabled by default. Therefore, database queries may be performed during view rendering. Explicitly configure spring.jpa.open-in-view to disable this warning
14:24:34.560 INFO  o.s.b.a.w.s.WelcomePageHandlerMapping - Adding welcome page template: index
14:24:34.998 INFO  o.s.b.a.e.web.EndpointLinksResolver - Exposing 9 endpoint(s) beneath base path ''
14:24:35.131 INFO  o.a.coyote.http11.Http11NioProtocol - Starting ProtocolHandler ["http-nio-8080"]
14:24:35.142 ERROR o.apache.catalina.util.LifecycleBase - Failed to start component [Connector[HTTP/1.1-8080]]
org.apache.catalina.LifecycleException: Protocol handler start failed
	at org.apache.catalina.connector.Connector.startInternal(Connector.java:1008)
	at org.apache.catalina.util.LifecycleBase.start(LifecycleBase.java:183)
	at org.apache.catalina.core.StandardService.addConnector(StandardService.java:227)
	at org.springframework.boot.web.embedded.tomcat.TomcatWebServer.addPreviouslyRemovedConnectors(TomcatWebServer.java:263)
	at org.springframework.boot.web.embedded.tomcat.TomcatWebServer.start(TomcatWebServer.java:195)
	at org.springframework.boot.web.servlet.context.ServletWebServerApplicationContext.startWebServer(ServletWebServerApplicationContext.java:297)
	at org.springframework.boot.web.servlet.context.ServletWebServerApplicationContext.finishRefresh(ServletWebServerApplicationContext.java:163)
	at org.springframework.context.support.AbstractApplicationContext.refresh(AbstractApplicationContext.java:552)
	at org.springframework.boot.web.servlet.context.ServletWebServerApplicationContext.refresh(ServletWebServerApplicationContext.java:141)
	at org.springframework.boot.SpringApplication.refresh(SpringApplication.java:743)
	at org.springframework.boot.SpringApplication.refreshContext(SpringApplication.java:390)
	at org.springframework.boot.SpringApplication.run(SpringApplication.java:312)
	at org.springframework.boot.SpringApplication.run(SpringApplication.java:1214)
	at org.springframework.boot.SpringApplication.run(SpringApplication.java:1203)
	at info.cheremisin.social.network.SocialNetworkApplication.main(SocialNetworkApplication.java:10)
	at java.base/jdk.internal.reflect.NativeMethodAccessorImpl.invoke0(Native Method)
	at java.base/jdk.internal.reflect.NativeMethodAccessorImpl.invoke(NativeMethodAccessorImpl.java:62)
	at java.base/jdk.internal.reflect.DelegatingMethodAccessorImpl.invoke(DelegatingMethodAccessorImpl.java:43)
	at java.base/java.lang.reflect.Method.invoke(Method.java:566)
	at org.springframework.boot.loader.MainMethodRunner.run(MainMethodRunner.java:48)
	at org.springframework.boot.loader.Launcher.launch(Launcher.java:87)
	at org.springframework.boot.loader.Launcher.launch(Launcher.java:51)
	at org.springframework.boot.loader.JarLauncher.main(JarLauncher.java:52)
Caused by: java.net.BindException: Address already in use
	at java.base/sun.nio.ch.Net.bind0(Native Method)
	at java.base/sun.nio.ch.Net.bind(Net.java:459)
	at java.base/sun.nio.ch.Net.bind(Net.java:448)
	at java.base/sun.nio.ch.ServerSocketChannelImpl.bind(ServerSocketChannelImpl.java:227)
	at java.base/sun.nio.ch.ServerSocketAdaptor.bind(ServerSocketAdaptor.java:80)
	at org.apache.tomcat.util.net.NioEndpoint.initServerSocket(NioEndpoint.java:230)
	at org.apache.tomcat.util.net.NioEndpoint.bind(NioEndpoint.java:213)
	at org.apache.tomcat.util.net.AbstractEndpoint.bindWithCleanup(AbstractEndpoint.java:1124)
	at org.apache.tomcat.util.net.AbstractEndpoint.start(AbstractEndpoint.java:1210)
	at org.apache.coyote.AbstractProtocol.start(AbstractProtocol.java:585)
	at org.apache.catalina.connector.Connector.startInternal(Connector.java:1005)
	... 22 common frames omitted
14:24:35.149 INFO  o.a.coyote.http11.Http11NioProtocol - Pausing ProtocolHandler ["http-nio-8080"]
14:24:35.149 INFO  o.a.catalina.core.StandardService - Stopping service [Tomcat]
14:24:35.156 INFO  o.apache.catalina.util.LifecycleBase - The stop() method was called on component [StandardServer[-1]] after stop() had already been called. The second call will be ignored.
14:24:35.157 INFO  o.a.coyote.http11.Http11NioProtocol - Stopping ProtocolHandler ["http-nio-8080"]
14:24:35.157 INFO  o.a.coyote.http11.Http11NioProtocol - Destroying ProtocolHandler ["http-nio-8080"]
14:24:35.167 INFO  o.s.b.a.l.ConditionEvaluationReportLoggingListener - 

Error starting ApplicationContext. To display the conditions report re-run your application with 'debug' enabled.
14:24:35.169 ERROR o.s.b.d.LoggingFailureAnalysisReporter - 

***************************
APPLICATION FAILED TO START
***************************

Description:

The Tomcat connector configured to listen on port 8080 failed to start. The port may already be in use or the connector may be misconfigured.

Action:

Verify the connector's configuration, identify and stop any process that's listening on port 8080, or configure this application to listen on another port.

14:24:35.180 INFO  o.s.s.c.ThreadPoolTaskExecutor - Shutting down ExecutorService 'applicationTaskExecutor'
14:24:35.186 INFO  o.s.o.j.LocalContainerEntityManagerFactoryBean - Closing JPA EntityManagerFactory for persistence unit 'default'
14:24:35.188 INFO  com.zaxxer.hikari.HikariDataSource - HikariPool-1 - Shutdown initiated...
14:24:35.200 INFO  com.zaxxer.hikari.HikariDataSource - HikariPool-1 - Shutdown completed.
14:25:06.005 INFO  i.c.s.n.SocialNetworkApplication - Starting SocialNetworkApplication v1.0.0 on ThinkPad-T480 with PID 41043 (/home/aadi/Workspaces/SpringBootSocialNetwork-master/web.social.network/target/social-network.jar started by aadi in /home/aadi/Workspaces/SpringBootSocialNetwork-master/web.social.network/target)
14:25:06.007 DEBUG i.c.s.n.SocialNetworkApplication - Running with Spring Boot v2.1.7.RELEASE, Spring v5.1.9.RELEASE
14:25:06.008 INFO  i.c.s.n.SocialNetworkApplication - The following profiles are active: dev
14:25:07.093 INFO  o.s.d.r.c.RepositoryConfigurationDelegate - Bootstrapping Spring Data repositories in DEFAULT mode.
14:25:07.219 INFO  o.s.d.r.c.RepositoryConfigurationDelegate - Finished Spring Data repository scanning in 118ms. Found 4 repository interfaces.
14:25:07.771 INFO  o.s.c.s.PostProcessorRegistrationDelegate$BeanPostProcessorChecker - Bean 'org.springframework.transaction.annotation.ProxyTransactionManagementConfiguration' of type [org.springframework.transaction.annotation.ProxyTransactionManagementConfiguration$$EnhancerBySpringCGLIB$$ade5da1e] is not eligible for getting processed by all BeanPostProcessors (for example: not eligible for auto-proxying)
14:25:08.159 INFO  o.s.b.w.e.tomcat.TomcatWebServer - Tomcat initialized with port(s): 8080 (http)
14:25:08.183 INFO  o.a.coyote.http11.Http11NioProtocol - Initializing ProtocolHandler ["http-nio-8080"]
14:25:08.233 INFO  o.a.catalina.core.StandardService - Starting service [Tomcat]
14:25:08.239 INFO  o.a.catalina.core.StandardEngine - Starting Servlet engine: [Apache Tomcat/9.0.22]
14:25:08.364 INFO  o.a.c.c.C.[Tomcat].[localhost].[/] - Initializing Spring embedded WebApplicationContext
14:25:08.365 INFO  o.s.web.context.ContextLoader - Root WebApplicationContext: initialization completed in 2298 ms
14:25:08.999 INFO  com.zaxxer.hikari.HikariDataSource - HikariPool-1 - Starting...
14:25:09.226 INFO  com.zaxxer.hikari.HikariDataSource - HikariPool-1 - Start completed.
14:25:09.298 INFO  o.h.jpa.internal.util.LogHelper - HHH000204: Processing PersistenceUnitInfo [
	name: default
	...]
14:25:09.386 INFO  org.hibernate.Version - HHH000412: Hibernate Core {5.3.10.Final}
14:25:09.389 INFO  org.hibernate.cfg.Environment - HHH000206: hibernate.properties not found
14:25:09.599 INFO  o.h.annotations.common.Version - HCANN000001: Hibernate Commons Annotations {5.0.4.Final}
14:25:09.934 INFO  org.hibernate.dialect.Dialect - HHH000400: Using dialect: org.hibernate.dialect.H2Dialect
14:25:10.648 DEBUG org.hibernate.SQL - drop table friendship if exists
14:25:10.650 DEBUG org.hibernate.SQL - drop table messages if exists
14:25:10.650 DEBUG org.hibernate.SQL - drop table role if exists
14:25:10.651 DEBUG org.hibernate.SQL - drop table user if exists
14:25:10.651 DEBUG org.hibernate.SQL - drop table user_role if exists
14:25:10.653 DEBUG org.hibernate.SQL - create table friendship (id bigint generated by default as identity, accepted boolean, user_receiver bigint, user_sender bigint, primary key (id))
14:25:10.660 DEBUG org.hibernate.SQL - create table messages (id integer generated by default as identity, message varchar(255), time timestamp, receiver bigint, sender bigint, primary key (id))
14:25:10.662 DEBUG org.hibernate.SQL - create table role (id bigint generated by default as identity, name varchar(255), primary key (id))
14:25:10.664 DEBUG org.hibernate.SQL - create table user (id bigint generated by default as identity, date_of_birth date, username varchar(255), first_name varchar(255), image varchar(255), last_name varchar(255), password varchar(255), phone varchar(255), sex integer, primary key (id))
14:25:10.666 DEBUG org.hibernate.SQL - create table user_role (user_id bigint not null, role_id bigint not null)
14:25:10.667 DEBUG org.hibernate.SQL - alter table user add constraint UK_sb8bbouer5wak8vyiiy4pf2bx unique (username)
14:25:10.671 DEBUG org.hibernate.SQL - alter table friendship add constraint FKlf0nqje9k08cimvk4tsnb2bgg foreign key (user_receiver) references user
14:25:10.677 DEBUG org.hibernate.SQL - alter table friendship add constraint FKngs34a7uptf3lmnefiigk1ktd foreign key (user_sender) references user
14:25:10.679 DEBUG org.hibernate.SQL - alter table messages add constraint FK8q4vrb5gjo5j0t8gv51qj3se9 foreign key (receiver) references user
14:25:10.682 DEBUG org.hibernate.SQL - alter table messages add constraint FKelhs6sn3e7n5nhphoiht9jqes foreign key (sender) references user
14:25:10.688 DEBUG org.hibernate.SQL - alter table user_role add constraint FKa68196081fvovjhkek5m97n3y foreign key (role_id) references role
14:25:10.690 DEBUG org.hibernate.SQL - alter table user_role add constraint FK859n2jvi8ivhui0rl0esws6o foreign key (user_id) references user
14:25:10.694 INFO  o.h.t.s.internal.SchemaCreatorImpl - HHH000476: Executing import script 'org.hibernate.tool.schema.internal.exec.ScriptSourceInputNonExistentImpl@1687eb01'
14:25:10.698 INFO  o.s.o.j.LocalContainerEntityManagerFactoryBean - Initialized JPA EntityManagerFactory for persistence unit 'default'
14:25:11.683 INFO  o.s.s.web.DefaultSecurityFilterChain - Creating filter chain: any request, [org.springframework.security.web.context.request.async.WebAsyncManagerIntegrationFilter@798dad3d, org.springframework.security.web.context.SecurityContextPersistenceFilter@315105f, org.springframework.security.web.header.HeaderWriterFilter@1bf14704, org.springframework.security.web.csrf.CsrfFilter@21263314, org.springframework.security.web.authentication.logout.LogoutFilter@430b2699, org.springframework.security.web.authentication.UsernamePasswordAuthenticationFilter@1319bc2a, org.springframework.security.web.savedrequest.RequestCacheAwareFilter@40247d48, org.springframework.security.web.servletapi.SecurityContextHolderAwareRequestFilter@14924f41, org.springframework.security.web.authentication.AnonymousAuthenticationFilter@27abb6ca, org.springframework.security.web.session.SessionManagementFilter@2be21396, org.springframework.security.web.access.ExceptionTranslationFilter@58253c57, org.springframework.security.web.access.intercept.FilterSecurityInterceptor@726934e2]
14:25:11.919 INFO  o.s.s.c.ThreadPoolTaskExecutor - Initializing ExecutorService 'applicationTaskExecutor'
14:25:11.993 WARN  o.s.b.a.o.j.JpaBaseConfiguration$JpaWebConfiguration$JpaWebMvcConfiguration - spring.jpa.open-in-view is enabled by default. Therefore, database queries may be performed during view rendering. Explicitly configure spring.jpa.open-in-view to disable this warning
14:25:12.053 INFO  o.s.b.a.w.s.WelcomePageHandlerMapping - Adding welcome page template: index
14:25:12.466 INFO  o.s.b.a.e.web.EndpointLinksResolver - Exposing 9 endpoint(s) beneath base path ''
14:25:12.664 INFO  o.a.coyote.http11.Http11NioProtocol - Starting ProtocolHandler ["http-nio-8080"]
14:25:12.714 INFO  o.s.b.w.e.tomcat.TomcatWebServer - Tomcat started on port(s): 8080 (http) with context path ''
14:25:12.722 INFO  i.c.s.n.SocialNetworkApplication - Started SocialNetworkApplication in 7.243 seconds (JVM running for 7.657)
14:25:15.882 INFO  o.a.c.c.C.[Tomcat].[localhost].[/] - Initializing Spring DispatcherServlet 'dispatcherServlet'
14:25:15.882 INFO  o.s.web.servlet.DispatcherServlet - Initializing Servlet 'dispatcherServlet'
14:25:15.891 INFO  o.s.web.servlet.DispatcherServlet - Completed initialization in 9 ms
14:25:35.312 DEBUG org.hibernate.SQL - select user0_.id as id1_3_, user0_.date_of_birth as date_of_2_3_, user0_.username as username3_3_, user0_.first_name as first_na4_3_, user0_.image as image5_3_, user0_.last_name as last_nam6_3_, user0_.password as password7_3_, user0_.phone as phone8_3_, user0_.sex as sex9_3_ from user user0_ where user0_.username=?
14:25:35.493 DEBUG org.hibernate.SQL - select role0_.id as id1_2_, role0_.name as name2_2_ from role role0_ where role0_.name=?
14:25:35.540 DEBUG org.hibernate.SQL - insert into user (id, date_of_birth, username, first_name, image, last_name, password, phone, sex) values (null, ?, ?, ?, ?, ?, ?, ?, ?)
14:25:35.560 DEBUG org.hibernate.SQL - insert into user_role (user_id, role_id) values (?, ?)
14:25:40.407 DEBUG org.hibernate.SQL - select user0_.id as id1_3_, user0_.date_of_birth as date_of_2_3_, user0_.username as username3_3_, user0_.first_name as first_na4_3_, user0_.image as image5_3_, user0_.last_name as last_nam6_3_, user0_.password as password7_3_, user0_.phone as phone8_3_, user0_.sex as sex9_3_ from user user0_ where user0_.username=?
14:25:40.411 DEBUG org.hibernate.SQL - select roles0_.user_id as user_id1_4_0_, roles0_.role_id as role_id2_4_0_, role1_.id as id1_2_1_, role1_.name as name2_2_1_ from user_role roles0_ inner join role role1_ on roles0_.role_id=role1_.id where roles0_.user_id=?
14:25:40.524 DEBUG org.hibernate.SQL - select user0_.id as id1_3_, user0_.date_of_birth as date_of_2_3_, user0_.username as username3_3_, user0_.first_name as first_na4_3_, user0_.image as image5_3_, user0_.last_name as last_nam6_3_, user0_.password as password7_3_, user0_.phone as phone8_3_, user0_.sex as sex9_3_ from user user0_ where user0_.username=?
14:25:40.525 DEBUG org.hibernate.SQL - select roles0_.user_id as user_id1_4_0_, roles0_.role_id as role_id2_4_0_, role1_.id as id1_2_1_, role1_.name as name2_2_1_ from user_role roles0_ inner join role role1_ on roles0_.role_id=role1_.id where roles0_.user_id=?
14:25:40.556 DEBUG org.hibernate.SQL - select message0_.id as id1_1_, message0_.message as message2_1_, message0_.receiver as receiver4_1_, message0_.sender as sender5_1_, message0_.time as time3_1_ from messages message0_ left outer join user user1_ on message0_.sender=user1_.id left outer join user user2_ on message0_.receiver=user2_.id where user1_.id=? or user2_.id=? order by message0_.id desc limit ?
14:25:40.571 DEBUG org.hibernate.SQL - select friendship0_.id as id1_0_, friendship0_.accepted as accepted2_0_, friendship0_.user_receiver as user_rec3_0_, friendship0_.user_sender as user_sen4_0_ from friendship friendship0_ where (friendship0_.user_sender=? or friendship0_.user_receiver=?) and friendship0_.accepted=1
14:25:41.700 DEBUG org.hibernate.SQL - select message0_.id as id1_1_, message0_.message as message2_1_, message0_.receiver as receiver4_1_, message0_.sender as sender5_1_, message0_.time as time3_1_ from messages message0_ where (message0_.id in (select max(message1_.id) from messages message1_ group by message1_.sender , message1_.receiver)) and (message0_.sender=? or message0_.receiver=?)
14:25:45.008 DEBUG org.hibernate.SQL - select friendship0_.id as id1_0_, friendship0_.accepted as accepted2_0_, friendship0_.user_receiver as user_rec3_0_, friendship0_.user_sender as user_sen4_0_ from friendship friendship0_ left outer join user user1_ on friendship0_.user_sender=user1_.id left outer join user user2_ on friendship0_.user_receiver=user2_.id where user1_.id=? or user2_.id=?
14:25:45.921 DEBUG org.hibernate.SQL - select user0_.id as id1_3_, user0_.date_of_birth as date_of_2_3_, user0_.username as username3_3_, user0_.first_name as first_na4_3_, user0_.image as image5_3_, user0_.last_name as last_nam6_3_, user0_.password as password7_3_, user0_.phone as phone8_3_, user0_.sex as sex9_3_ from user user0_ where user0_.id<>? order by user0_.last_name asc, user0_.first_name asc limit ?
14:25:45.925 DEBUG org.hibernate.SQL - select roles0_.user_id as user_id1_4_0_, roles0_.role_id as role_id2_4_0_, role1_.id as id1_2_1_, role1_.name as name2_2_1_ from user_role roles0_ inner join role role1_ on roles0_.role_id=role1_.id where roles0_.user_id=?
14:25:45.927 DEBUG org.hibernate.SQL - select roles0_.user_id as user_id1_4_0_, roles0_.role_id as role_id2_4_0_, role1_.id as id1_2_1_, role1_.name as name2_2_1_ from user_role roles0_ inner join role role1_ on roles0_.role_id=role1_.id where roles0_.user_id=?
14:25:45.928 DEBUG org.hibernate.SQL - select roles0_.user_id as user_id1_4_0_, roles0_.role_id as role_id2_4_0_, role1_.id as id1_2_1_, role1_.name as name2_2_1_ from user_role roles0_ inner join role role1_ on roles0_.role_id=role1_.id where roles0_.user_id=?
14:25:45.935 DEBUG org.hibernate.SQL - select count(user0_.id) as col_0_0_ from user user0_ where user0_.id<>?
14:25:47.215 DEBUG org.hibernate.SQL - select user0_.id as id1_3_0_, user0_.date_of_birth as date_of_2_3_0_, user0_.username as username3_3_0_, user0_.first_name as first_na4_3_0_, user0_.image as image5_3_0_, user0_.last_name as last_nam6_3_0_, user0_.password as password7_3_0_, user0_.phone as phone8_3_0_, user0_.sex as sex9_3_0_, roles1_.user_id as user_id1_4_1_, role2_.id as role_id2_4_1_, role2_.id as id1_2_2_, role2_.name as name2_2_2_ from user user0_ left outer join user_role roles1_ on user0_.id=roles1_.user_id left outer join role role2_ on roles1_.role_id=role2_.id where user0_.id=?
14:25:47.223 DEBUG org.hibernate.SQL - select message0_.id as id1_1_, message0_.message as message2_1_, message0_.receiver as receiver4_1_, message0_.sender as sender5_1_, message0_.time as time3_1_ from messages message0_ where message0_.sender=? and message0_.receiver=? or message0_.sender=? and message0_.receiver=? order by message0_.time
14:25:56.891 DEBUG org.hibernate.SQL - select user0_.id as id1_3_0_, user0_.date_of_birth as date_of_2_3_0_, user0_.username as username3_3_0_, user0_.first_name as first_na4_3_0_, user0_.image as image5_3_0_, user0_.last_name as last_nam6_3_0_, user0_.password as password7_3_0_, user0_.phone as phone8_3_0_, user0_.sex as sex9_3_0_, roles1_.user_id as user_id1_4_1_, role2_.id as role_id2_4_1_, role2_.id as id1_2_2_, role2_.name as name2_2_2_ from user user0_ left outer join user_role roles1_ on user0_.id=roles1_.user_id left outer join role role2_ on roles1_.role_id=role2_.id where user0_.id=?
14:25:57.067 DEBUG org.hibernate.SQL - insert into messages (id, message, receiver, sender, time) values (null, ?, ?, ?, ?)
14:25:57.077 DEBUG org.hibernate.SQL - select user0_.id as id1_3_0_, user0_.date_of_birth as date_of_2_3_0_, user0_.username as username3_3_0_, user0_.first_name as first_na4_3_0_, user0_.image as image5_3_0_, user0_.last_name as last_nam6_3_0_, user0_.password as password7_3_0_, user0_.phone as phone8_3_0_, user0_.sex as sex9_3_0_, roles1_.user_id as user_id1_4_1_, role2_.id as role_id2_4_1_, role2_.id as id1_2_2_, role2_.name as name2_2_2_ from user user0_ left outer join user_role roles1_ on user0_.id=roles1_.user_id left outer join role role2_ on roles1_.role_id=role2_.id where user0_.id=?
14:25:57.081 DEBUG org.hibernate.SQL - select message0_.id as id1_1_, message0_.message as message2_1_, message0_.receiver as receiver4_1_, message0_.sender as sender5_1_, message0_.time as time3_1_ from messages message0_ where message0_.sender=? and message0_.receiver=? or message0_.sender=? and message0_.receiver=? order by message0_.time
14:25:57.084 DEBUG org.hibernate.SQL - select user0_.id as id1_3_0_, user0_.date_of_birth as date_of_2_3_0_, user0_.username as username3_3_0_, user0_.first_name as first_na4_3_0_, user0_.image as image5_3_0_, user0_.last_name as last_nam6_3_0_, user0_.password as password7_3_0_, user0_.phone as phone8_3_0_, user0_.sex as sex9_3_0_, roles1_.user_id as user_id1_4_1_, role2_.id as role_id2_4_1_, role2_.id as id1_2_2_, role2_.name as name2_2_2_ from user user0_ left outer join user_role roles1_ on user0_.id=roles1_.user_id left outer join role role2_ on roles1_.role_id=role2_.id where user0_.id=?
14:25:59.935 DEBUG org.hibernate.SQL - select message0_.id as id1_1_, message0_.message as message2_1_, message0_.receiver as receiver4_1_, message0_.sender as sender5_1_, message0_.time as time3_1_ from messages message0_ left outer join user user1_ on message0_.sender=user1_.id left outer join user user2_ on message0_.receiver=user2_.id where user1_.id=? or user2_.id=? order by message0_.id desc limit ?
14:25:59.937 DEBUG org.hibernate.SQL - select user0_.id as id1_3_0_, user0_.date_of_birth as date_of_2_3_0_, user0_.username as username3_3_0_, user0_.first_name as first_na4_3_0_, user0_.image as image5_3_0_, user0_.last_name as last_nam6_3_0_, user0_.password as password7_3_0_, user0_.phone as phone8_3_0_, user0_.sex as sex9_3_0_, roles1_.user_id as user_id1_4_1_, role2_.id as role_id2_4_1_, role2_.id as id1_2_2_, role2_.name as name2_2_2_ from user user0_ left outer join user_role roles1_ on user0_.id=roles1_.user_id left outer join role role2_ on roles1_.role_id=role2_.id where user0_.id=?
14:25:59.938 DEBUG org.hibernate.SQL - select user0_.id as id1_3_0_, user0_.date_of_birth as date_of_2_3_0_, user0_.username as username3_3_0_, user0_.first_name as first_na4_3_0_, user0_.image as image5_3_0_, user0_.last_name as last_nam6_3_0_, user0_.password as password7_3_0_, user0_.phone as phone8_3_0_, user0_.sex as sex9_3_0_, roles1_.user_id as user_id1_4_1_, role2_.id as role_id2_4_1_, role2_.id as id1_2_2_, role2_.name as name2_2_2_ from user user0_ left outer join user_role roles1_ on user0_.id=roles1_.user_id left outer join role role2_ on roles1_.role_id=role2_.id where user0_.id=?
14:25:59.941 DEBUG org.hibernate.SQL - select friendship0_.id as id1_0_, friendship0_.accepted as accepted2_0_, friendship0_.user_receiver as user_rec3_0_, friendship0_.user_sender as user_sen4_0_ from friendship friendship0_ where (friendship0_.user_sender=? or friendship0_.user_receiver=?) and friendship0_.accepted=1
14:26:07.377 DEBUG org.hibernate.SQL - select user0_.id as id1_3_, user0_.date_of_birth as date_of_2_3_, user0_.username as username3_3_, user0_.first_name as first_na4_3_, user0_.image as image5_3_, user0_.last_name as last_nam6_3_, user0_.password as password7_3_, user0_.phone as phone8_3_, user0_.sex as sex9_3_ from user user0_ where user0_.username=?
14:26:07.379 DEBUG org.hibernate.SQL - select roles0_.user_id as user_id1_4_0_, roles0_.role_id as role_id2_4_0_, role1_.id as id1_2_1_, role1_.name as name2_2_1_ from user_role roles0_ inner join role role1_ on roles0_.role_id=role1_.id where roles0_.user_id=?
14:26:07.386 DEBUG org.hibernate.SQL - select user0_.id as id1_3_, user0_.date_of_birth as date_of_2_3_, user0_.username as username3_3_, user0_.first_name as first_na4_3_, user0_.image as image5_3_, user0_.last_name as last_nam6_3_, user0_.password as password7_3_, user0_.phone as phone8_3_, user0_.sex as sex9_3_ from user user0_ where user0_.username=?
14:26:07.388 DEBUG org.hibernate.SQL - select roles0_.user_id as user_id1_4_0_, roles0_.role_id as role_id2_4_0_, role1_.id as id1_2_1_, role1_.name as name2_2_1_ from user_role roles0_ inner join role role1_ on roles0_.role_id=role1_.id where roles0_.user_id=?
14:26:07.401 DEBUG org.hibernate.SQL - select message0_.id as id1_1_, message0_.message as message2_1_, message0_.receiver as receiver4_1_, message0_.sender as sender5_1_, message0_.time as time3_1_ from messages message0_ left outer join user user1_ on message0_.sender=user1_.id left outer join user user2_ on message0_.receiver=user2_.id where user1_.id=? or user2_.id=? order by message0_.id desc limit ?
14:26:07.403 DEBUG org.hibernate.SQL - select user0_.id as id1_3_0_, user0_.date_of_birth as date_of_2_3_0_, user0_.username as username3_3_0_, user0_.first_name as first_na4_3_0_, user0_.image as image5_3_0_, user0_.last_name as last_nam6_3_0_, user0_.password as password7_3_0_, user0_.phone as phone8_3_0_, user0_.sex as sex9_3_0_, roles1_.user_id as user_id1_4_1_, role2_.id as role_id2_4_1_, role2_.id as id1_2_2_, role2_.name as name2_2_2_ from user user0_ left outer join user_role roles1_ on user0_.id=roles1_.user_id left outer join role role2_ on roles1_.role_id=role2_.id where user0_.id=?
14:26:07.404 DEBUG org.hibernate.SQL - select user0_.id as id1_3_0_, user0_.date_of_birth as date_of_2_3_0_, user0_.username as username3_3_0_, user0_.first_name as first_na4_3_0_, user0_.image as image5_3_0_, user0_.last_name as last_nam6_3_0_, user0_.password as password7_3_0_, user0_.phone as phone8_3_0_, user0_.sex as sex9_3_0_, roles1_.user_id as user_id1_4_1_, role2_.id as role_id2_4_1_, role2_.id as id1_2_2_, role2_.name as name2_2_2_ from user user0_ left outer join user_role roles1_ on user0_.id=roles1_.user_id left outer join role role2_ on roles1_.role_id=role2_.id where user0_.id=?
14:26:07.410 DEBUG org.hibernate.SQL - select friendship0_.id as id1_0_, friendship0_.accepted as accepted2_0_, friendship0_.user_receiver as user_rec3_0_, friendship0_.user_sender as user_sen4_0_ from friendship friendship0_ where (friendship0_.user_sender=? or friendship0_.user_receiver=?) and friendship0_.accepted=1
14:26:07.412 DEBUG org.hibernate.SQL - select user0_.id as id1_3_0_, user0_.date_of_birth as date_of_2_3_0_, user0_.username as username3_3_0_, user0_.first_name as first_na4_3_0_, user0_.image as image5_3_0_, user0_.last_name as last_nam6_3_0_, user0_.password as password7_3_0_, user0_.phone as phone8_3_0_, user0_.sex as sex9_3_0_, roles1_.user_id as user_id1_4_1_, role2_.id as role_id2_4_1_, role2_.id as id1_2_2_, role2_.name as name2_2_2_ from user user0_ left outer join user_role roles1_ on user0_.id=roles1_.user_id left outer join role role2_ on roles1_.role_id=role2_.id where user0_.id=?
14:26:07.414 DEBUG org.hibernate.SQL - select user0_.id as id1_3_0_, user0_.date_of_birth as date_of_2_3_0_, user0_.username as username3_3_0_, user0_.first_name as first_na4_3_0_, user0_.image as image5_3_0_, user0_.last_name as last_nam6_3_0_, user0_.password as password7_3_0_, user0_.phone as phone8_3_0_, user0_.sex as sex9_3_0_, roles1_.user_id as user_id1_4_1_, role2_.id as role_id2_4_1_, role2_.id as id1_2_2_, role2_.name as name2_2_2_ from user user0_ left outer join user_role roles1_ on user0_.id=roles1_.user_id left outer join role role2_ on roles1_.role_id=role2_.id where user0_.id=?
14:26:09.410 DEBUG org.hibernate.SQL - select message0_.id as id1_1_, message0_.message as message2_1_, message0_.receiver as receiver4_1_, message0_.sender as sender5_1_, message0_.time as time3_1_ from messages message0_ where (message0_.id in (select max(message1_.id) from messages message1_ group by message1_.sender , message1_.receiver)) and (message0_.sender=? or message0_.receiver=?)
14:26:09.414 DEBUG org.hibernate.SQL - select user0_.id as id1_3_0_, user0_.date_of_birth as date_of_2_3_0_, user0_.username as username3_3_0_, user0_.first_name as first_na4_3_0_, user0_.image as image5_3_0_, user0_.last_name as last_nam6_3_0_, user0_.password as password7_3_0_, user0_.phone as phone8_3_0_, user0_.sex as sex9_3_0_, roles1_.user_id as user_id1_4_1_, role2_.id as role_id2_4_1_, role2_.id as id1_2_2_, role2_.name as name2_2_2_ from user user0_ left outer join user_role roles1_ on user0_.id=roles1_.user_id left outer join role role2_ on roles1_.role_id=role2_.id where user0_.id=?
14:26:09.415 DEBUG org.hibernate.SQL - select user0_.id as id1_3_0_, user0_.date_of_birth as date_of_2_3_0_, user0_.username as username3_3_0_, user0_.first_name as first_na4_3_0_, user0_.image as image5_3_0_, user0_.last_name as last_nam6_3_0_, user0_.password as password7_3_0_, user0_.phone as phone8_3_0_, user0_.sex as sex9_3_0_, roles1_.user_id as user_id1_4_1_, role2_.id as role_id2_4_1_, role2_.id as id1_2_2_, role2_.name as name2_2_2_ from user user0_ left outer join user_role roles1_ on user0_.id=roles1_.user_id left outer join role role2_ on roles1_.role_id=role2_.id where user0_.id=?
14:26:13.152 DEBUG org.hibernate.SQL - select message0_.id as id1_1_, message0_.message as message2_1_, message0_.receiver as receiver4_1_, message0_.sender as sender5_1_, message0_.time as time3_1_ from messages message0_ where (message0_.id in (select max(message1_.id) from messages message1_ group by message1_.sender , message1_.receiver)) and (message0_.sender=? or message0_.receiver=?)
14:26:13.154 DEBUG org.hibernate.SQL - select user0_.id as id1_3_0_, user0_.date_of_birth as date_of_2_3_0_, user0_.username as username3_3_0_, user0_.first_name as first_na4_3_0_, user0_.image as image5_3_0_, user0_.last_name as last_nam6_3_0_, user0_.password as password7_3_0_, user0_.phone as phone8_3_0_, user0_.sex as sex9_3_0_, roles1_.user_id as user_id1_4_1_, role2_.id as role_id2_4_1_, role2_.id as id1_2_2_, role2_.name as name2_2_2_ from user user0_ left outer join user_role roles1_ on user0_.id=roles1_.user_id left outer join role role2_ on roles1_.role_id=role2_.id where user0_.id=?
14:26:13.156 DEBUG org.hibernate.SQL - select user0_.id as id1_3_0_, user0_.date_of_birth as date_of_2_3_0_, user0_.username as username3_3_0_, user0_.first_name as first_na4_3_0_, user0_.image as image5_3_0_, user0_.last_name as last_nam6_3_0_, user0_.password as password7_3_0_, user0_.phone as phone8_3_0_, user0_.sex as sex9_3_0_, roles1_.user_id as user_id1_4_1_, role2_.id as role_id2_4_1_, role2_.id as id1_2_2_, role2_.name as name2_2_2_ from user user0_ left outer join user_role roles1_ on user0_.id=roles1_.user_id left outer join role role2_ on roles1_.role_id=role2_.id where user0_.id=?
14:26:16.377 DEBUG org.hibernate.SQL - select friendship0_.id as id1_0_, friendship0_.accepted as accepted2_0_, friendship0_.user_receiver as user_rec3_0_, friendship0_.user_sender as user_sen4_0_ from friendship friendship0_ left outer join user user1_ on friendship0_.user_sender=user1_.id left outer join user user2_ on friendship0_.user_receiver=user2_.id where user1_.id=? or user2_.id=?
14:26:16.382 DEBUG org.hibernate.SQL - select user0_.id as id1_3_0_, user0_.date_of_birth as date_of_2_3_0_, user0_.username as username3_3_0_, user0_.first_name as first_na4_3_0_, user0_.image as image5_3_0_, user0_.last_name as last_nam6_3_0_, user0_.password as password7_3_0_, user0_.phone as phone8_3_0_, user0_.sex as sex9_3_0_, roles1_.user_id as user_id1_4_1_, role2_.id as role_id2_4_1_, role2_.id as id1_2_2_, role2_.name as name2_2_2_ from user user0_ left outer join user_role roles1_ on user0_.id=roles1_.user_id left outer join role role2_ on roles1_.role_id=role2_.id where user0_.id=?
14:26:16.386 DEBUG org.hibernate.SQL - select user0_.id as id1_3_0_, user0_.date_of_birth as date_of_2_3_0_, user0_.username as username3_3_0_, user0_.first_name as first_na4_3_0_, user0_.image as image5_3_0_, user0_.last_name as last_nam6_3_0_, user0_.password as password7_3_0_, user0_.phone as phone8_3_0_, user0_.sex as sex9_3_0_, roles1_.user_id as user_id1_4_1_, role2_.id as role_id2_4_1_, role2_.id as id1_2_2_, role2_.name as name2_2_2_ from user user0_ left outer join user_role roles1_ on user0_.id=roles1_.user_id left outer join role role2_ on roles1_.role_id=role2_.id where user0_.id=?
14:26:16.391 DEBUG org.hibernate.SQL - select user0_.id as id1_3_0_, user0_.date_of_birth as date_of_2_3_0_, user0_.username as username3_3_0_, user0_.first_name as first_na4_3_0_, user0_.image as image5_3_0_, user0_.last_name as last_nam6_3_0_, user0_.password as password7_3_0_, user0_.phone as phone8_3_0_, user0_.sex as sex9_3_0_, roles1_.user_id as user_id1_4_1_, role2_.id as role_id2_4_1_, role2_.id as id1_2_2_, role2_.name as name2_2_2_ from user user0_ left outer join user_role roles1_ on user0_.id=roles1_.user_id left outer join role role2_ on roles1_.role_id=role2_.id where user0_.id=?
14:26:17.446 DEBUG org.hibernate.SQL - select user0_.id as id1_3_, user0_.date_of_birth as date_of_2_3_, user0_.username as username3_3_, user0_.first_name as first_na4_3_, user0_.image as image5_3_, user0_.last_name as last_nam6_3_, user0_.password as password7_3_, user0_.phone as phone8_3_, user0_.sex as sex9_3_ from user user0_ where user0_.id<>? order by user0_.last_name asc, user0_.first_name asc limit ?
14:26:17.451 DEBUG org.hibernate.SQL - select roles0_.user_id as user_id1_4_0_, roles0_.role_id as role_id2_4_0_, role1_.id as id1_2_1_, role1_.name as name2_2_1_ from user_role roles0_ inner join role role1_ on roles0_.role_id=role1_.id where roles0_.user_id=?
14:26:17.455 DEBUG org.hibernate.SQL - select roles0_.user_id as user_id1_4_0_, roles0_.role_id as role_id2_4_0_, role1_.id as id1_2_1_, role1_.name as name2_2_1_ from user_role roles0_ inner join role role1_ on roles0_.role_id=role1_.id where roles0_.user_id=?
14:26:17.457 DEBUG org.hibernate.SQL - select roles0_.user_id as user_id1_4_0_, roles0_.role_id as role_id2_4_0_, role1_.id as id1_2_1_, role1_.name as name2_2_1_ from user_role roles0_ inner join role role1_ on roles0_.role_id=role1_.id where roles0_.user_id=?
14:26:17.461 DEBUG org.hibernate.SQL - select count(user0_.id) as col_0_0_ from user user0_ where user0_.id<>?
14:26:18.912 DEBUG org.hibernate.SQL - select user0_.id as id1_3_0_, user0_.date_of_birth as date_of_2_3_0_, user0_.username as username3_3_0_, user0_.first_name as first_na4_3_0_, user0_.image as image5_3_0_, user0_.last_name as last_nam6_3_0_, user0_.password as password7_3_0_, user0_.phone as phone8_3_0_, user0_.sex as sex9_3_0_, roles1_.user_id as user_id1_4_1_, role2_.id as role_id2_4_1_, role2_.id as id1_2_2_, role2_.name as name2_2_2_ from user user0_ left outer join user_role roles1_ on user0_.id=roles1_.user_id left outer join role role2_ on roles1_.role_id=role2_.id where user0_.id=?
14:26:18.920 DEBUG org.hibernate.SQL - select message0_.id as id1_1_, message0_.message as message2_1_, message0_.receiver as receiver4_1_, message0_.sender as sender5_1_, message0_.time as time3_1_ from messages message0_ where message0_.sender=? and message0_.receiver=? or message0_.sender=? and message0_.receiver=? order by message0_.time
14:26:18.925 DEBUG org.hibernate.SQL - select user0_.id as id1_3_0_, user0_.date_of_birth as date_of_2_3_0_, user0_.username as username3_3_0_, user0_.first_name as first_na4_3_0_, user0_.image as image5_3_0_, user0_.last_name as last_nam6_3_0_, user0_.password as password7_3_0_, user0_.phone as phone8_3_0_, user0_.sex as sex9_3_0_, roles1_.user_id as user_id1_4_1_, role2_.id as role_id2_4_1_, role2_.id as id1_2_2_, role2_.name as name2_2_2_ from user user0_ left outer join user_role roles1_ on user0_.id=roles1_.user_id left outer join role role2_ on roles1_.role_id=role2_.id where user0_.id=?
14:26:32.494 DEBUG org.hibernate.SQL - select user0_.id as id1_3_0_, user0_.date_of_birth as date_of_2_3_0_, user0_.username as username3_3_0_, user0_.first_name as first_na4_3_0_, user0_.image as image5_3_0_, user0_.last_name as last_nam6_3_0_, user0_.password as password7_3_0_, user0_.phone as phone8_3_0_, user0_.sex as sex9_3_0_, roles1_.user_id as user_id1_4_1_, role2_.id as role_id2_4_1_, role2_.id as id1_2_2_, role2_.name as name2_2_2_ from user user0_ left outer join user_role roles1_ on user0_.id=roles1_.user_id left outer join role role2_ on roles1_.role_id=role2_.id where user0_.id=?
14:26:32.663 DEBUG org.hibernate.SQL - insert into messages (id, message, receiver, sender, time) values (null, ?, ?, ?, ?)
14:26:32.671 DEBUG org.hibernate.SQL - select user0_.id as id1_3_0_, user0_.date_of_birth as date_of_2_3_0_, user0_.username as username3_3_0_, user0_.first_name as first_na4_3_0_, user0_.image as image5_3_0_, user0_.last_name as last_nam6_3_0_, user0_.password as password7_3_0_, user0_.phone as phone8_3_0_, user0_.sex as sex9_3_0_, roles1_.user_id as user_id1_4_1_, role2_.id as role_id2_4_1_, role2_.id as id1_2_2_, role2_.name as name2_2_2_ from user user0_ left outer join user_role roles1_ on user0_.id=roles1_.user_id left outer join role role2_ on roles1_.role_id=role2_.id where user0_.id=?
14:26:32.673 DEBUG org.hibernate.SQL - select message0_.id as id1_1_, message0_.message as message2_1_, message0_.receiver as receiver4_1_, message0_.sender as sender5_1_, message0_.time as time3_1_ from messages message0_ where message0_.sender=? and message0_.receiver=? or message0_.sender=? and message0_.receiver=? order by message0_.time
14:26:32.674 DEBUG org.hibernate.SQL - select user0_.id as id1_3_0_, user0_.date_of_birth as date_of_2_3_0_, user0_.username as username3_3_0_, user0_.first_name as first_na4_3_0_, user0_.image as image5_3_0_, user0_.last_name as last_nam6_3_0_, user0_.password as password7_3_0_, user0_.phone as phone8_3_0_, user0_.sex as sex9_3_0_, roles1_.user_id as user_id1_4_1_, role2_.id as role_id2_4_1_, role2_.id as id1_2_2_, role2_.name as name2_2_2_ from user user0_ left outer join user_role roles1_ on user0_.id=roles1_.user_id left outer join role role2_ on roles1_.role_id=role2_.id where user0_.id=?
14:26:37.103 ERROR i.c.s.n.e.ResponseExceptionHandler - >>>>>>>>>> Exception
14:26:37.107 ERROR i.c.s.n.e.ResponseExceptionHandler - Request method 'POST' not supported
org.springframework.web.HttpRequestMethodNotSupportedException: Request method 'POST' not supported
	at org.springframework.web.servlet.mvc.method.RequestMappingInfoHandlerMapping.handleNoMatch(RequestMappingInfoHandlerMapping.java:200)
	at org.springframework.web.servlet.handler.AbstractHandlerMethodMapping.lookupHandlerMethod(AbstractHandlerMethodMapping.java:419)
	at org.springframework.web.servlet.handler.AbstractHandlerMethodMapping.getHandlerInternal(AbstractHandlerMethodMapping.java:365)
	at org.springframework.web.servlet.handler.AbstractHandlerMethodMapping.getHandlerInternal(AbstractHandlerMethodMapping.java:65)
	at org.springframework.web.servlet.handler.AbstractHandlerMapping.getHandler(AbstractHandlerMapping.java:401)
	at org.springframework.web.servlet.DispatcherServlet.getHandler(DispatcherServlet.java:1232)
	at org.springframework.web.servlet.DispatcherServlet.doDispatch(DispatcherServlet.java:1015)
	at org.springframework.web.servlet.DispatcherServlet.doService(DispatcherServlet.java:942)
	at org.springframework.web.servlet.FrameworkServlet.processRequest(FrameworkServlet.java:1005)
	at org.springframework.web.servlet.FrameworkServlet.doPost(FrameworkServlet.java:908)
	at javax.servlet.http.HttpServlet.service(HttpServlet.java:660)
	at org.springframework.web.servlet.FrameworkServlet.service(FrameworkServlet.java:882)
	at javax.servlet.http.HttpServlet.service(HttpServlet.java:741)
	at org.apache.catalina.core.ApplicationFilterChain.internalDoFilter(ApplicationFilterChain.java:231)
	at org.apache.catalina.core.ApplicationFilterChain.doFilter(ApplicationFilterChain.java:166)
	at org.apache.tomcat.websocket.server.WsFilter.doFilter(WsFilter.java:53)
	at org.apache.catalina.core.ApplicationFilterChain.internalDoFilter(ApplicationFilterChain.java:193)
	at org.apache.catalina.core.ApplicationFilterChain.doFilter(ApplicationFilterChain.java:166)
	at org.apache.catalina.core.ApplicationDispatcher.invoke(ApplicationDispatcher.java:712)
	at org.apache.catalina.core.ApplicationDispatcher.processRequest(ApplicationDispatcher.java:459)
	at org.apache.catalina.core.ApplicationDispatcher.doForward(ApplicationDispatcher.java:384)
	at org.apache.catalina.core.ApplicationDispatcher.forward(ApplicationDispatcher.java:312)
	at org.springframework.security.web.header.HeaderWriterFilter$HeaderWriterRequestDispatcher.forward(HeaderWriterFilter.java:143)
	at org.springframework.security.web.access.AccessDeniedHandlerImpl.handle(AccessDeniedHandlerImpl.java:73)
	at org.springframework.security.web.csrf.CsrfFilter.doFilterInternal(CsrfFilter.java:118)
	at org.springframework.web.filter.OncePerRequestFilter.doFilter(OncePerRequestFilter.java:118)
	at org.springframework.security.web.FilterChainProxy$VirtualFilterChain.doFilter(FilterChainProxy.java:334)
	at org.springframework.security.web.header.HeaderWriterFilter.doFilterInternal(HeaderWriterFilter.java:74)
	at org.springframework.web.filter.OncePerRequestFilter.doFilter(OncePerRequestFilter.java:118)
	at org.springframework.security.web.FilterChainProxy$VirtualFilterChain.doFilter(FilterChainProxy.java:334)
	at org.springframework.security.web.context.SecurityContextPersistenceFilter.doFilter(SecurityContextPersistenceFilter.java:105)
	at org.springframework.security.web.FilterChainProxy$VirtualFilterChain.doFilter(FilterChainProxy.java:334)
	at org.springframework.security.web.context.request.async.WebAsyncManagerIntegrationFilter.doFilterInternal(WebAsyncManagerIntegrationFilter.java:56)
	at org.springframework.web.filter.OncePerRequestFilter.doFilter(OncePerRequestFilter.java:118)
	at org.springframework.security.web.FilterChainProxy$VirtualFilterChain.doFilter(FilterChainProxy.java:334)
	at org.springframework.security.web.FilterChainProxy.doFilterInternal(FilterChainProxy.java:215)
	at org.springframework.security.web.FilterChainProxy.doFilter(FilterChainProxy.java:178)
	at org.springframework.web.filter.DelegatingFilterProxy.invokeDelegate(DelegatingFilterProxy.java:357)
	at org.springframework.web.filter.DelegatingFilterProxy.doFilter(DelegatingFilterProxy.java:270)
	at org.apache.catalina.core.ApplicationFilterChain.internalDoFilter(ApplicationFilterChain.java:193)
	at org.apache.catalina.core.ApplicationFilterChain.doFilter(ApplicationFilterChain.java:166)
	at org.springframework.web.filter.RequestContextFilter.doFilterInternal(RequestContextFilter.java:99)
	at org.springframework.web.filter.OncePerRequestFilter.doFilter(OncePerRequestFilter.java:118)
	at org.apache.catalina.core.ApplicationFilterChain.internalDoFilter(ApplicationFilterChain.java:193)
	at org.apache.catalina.core.ApplicationFilterChain.doFilter(ApplicationFilterChain.java:166)
	at org.springframework.web.filter.FormContentFilter.doFilterInternal(FormContentFilter.java:92)
	at org.springframework.web.filter.OncePerRequestFilter.doFilter(OncePerRequestFilter.java:118)
	at org.apache.catalina.core.ApplicationFilterChain.internalDoFilter(ApplicationFilterChain.java:193)
	at org.apache.catalina.core.ApplicationFilterChain.doFilter(ApplicationFilterChain.java:166)
	at org.springframework.web.filter.HiddenHttpMethodFilter.doFilterInternal(HiddenHttpMethodFilter.java:93)
	at org.springframework.web.filter.OncePerRequestFilter.doFilter(OncePerRequestFilter.java:118)
	at org.apache.catalina.core.ApplicationFilterChain.internalDoFilter(ApplicationFilterChain.java:193)
	at org.apache.catalina.core.ApplicationFilterChain.doFilter(ApplicationFilterChain.java:166)
	at org.springframework.boot.actuate.metrics.web.servlet.WebMvcMetricsFilter.filterAndRecordMetrics(WebMvcMetricsFilter.java:114)
	at org.springframework.boot.actuate.metrics.web.servlet.WebMvcMetricsFilter.doFilterInternal(WebMvcMetricsFilter.java:104)
	at org.springframework.web.filter.OncePerRequestFilter.doFilter(OncePerRequestFilter.java:118)
	at org.apache.catalina.core.ApplicationFilterChain.internalDoFilter(ApplicationFilterChain.java:193)
	at org.apache.catalina.core.ApplicationFilterChain.doFilter(ApplicationFilterChain.java:166)
	at org.springframework.web.filter.CharacterEncodingFilter.doFilterInternal(CharacterEncodingFilter.java:200)
	at org.springframework.web.filter.OncePerRequestFilter.doFilter(OncePerRequestFilter.java:118)
	at org.apache.catalina.core.ApplicationFilterChain.internalDoFilter(ApplicationFilterChain.java:193)
	at org.apache.catalina.core.ApplicationFilterChain.doFilter(ApplicationFilterChain.java:166)
	at org.apache.catalina.core.StandardWrapperValve.invoke(StandardWrapperValve.java:202)
	at org.apache.catalina.core.StandardContextValve.invoke(StandardContextValve.java:96)
	at org.apache.catalina.authenticator.AuthenticatorBase.invoke(AuthenticatorBase.java:490)
	at org.apache.catalina.core.StandardHostValve.invoke(StandardHostValve.java:139)
	at org.apache.catalina.valves.ErrorReportValve.invoke(ErrorReportValve.java:92)
	at org.apache.catalina.core.StandardEngineValve.invoke(StandardEngineValve.java:74)
	at org.apache.catalina.connector.CoyoteAdapter.service(CoyoteAdapter.java:343)
	at org.apache.coyote.http11.Http11Processor.service(Http11Processor.java:408)
	at org.apache.coyote.AbstractProcessorLight.process(AbstractProcessorLight.java:66)
	at org.apache.coyote.AbstractProtocol$ConnectionHandler.process(AbstractProtocol.java:853)
	at org.apache.tomcat.util.net.NioEndpoint$SocketProcessor.doRun(NioEndpoint.java:1587)
	at org.apache.tomcat.util.net.SocketProcessorBase.run(SocketProcessorBase.java:49)
	at java.base/java.util.concurrent.ThreadPoolExecutor.runWorker(ThreadPoolExecutor.java:1128)
	at java.base/java.util.concurrent.ThreadPoolExecutor$Worker.run(ThreadPoolExecutor.java:628)
	at org.apache.tomcat.util.threads.TaskThread$WrappingRunnable.run(TaskThread.java:61)
	at java.base/java.lang.Thread.run(Thread.java:829)
14:26:45.676 DEBUG org.hibernate.SQL - select user0_.id as id1_3_, user0_.date_of_birth as date_of_2_3_, user0_.username as username3_3_, user0_.first_name as first_na4_3_, user0_.image as image5_3_, user0_.last_name as last_nam6_3_, user0_.password as password7_3_, user0_.phone as phone8_3_, user0_.sex as sex9_3_ from user user0_ where user0_.username=?
14:26:45.680 DEBUG org.hibernate.SQL - select roles0_.user_id as user_id1_4_0_, roles0_.role_id as role_id2_4_0_, role1_.id as id1_2_1_, role1_.name as name2_2_1_ from user_role roles0_ inner join role role1_ on roles0_.role_id=role1_.id where roles0_.user_id=?
14:26:45.771 DEBUG org.hibernate.SQL - select user0_.id as id1_3_, user0_.date_of_birth as date_of_2_3_, user0_.username as username3_3_, user0_.first_name as first_na4_3_, user0_.image as image5_3_, user0_.last_name as last_nam6_3_, user0_.password as password7_3_, user0_.phone as phone8_3_, user0_.sex as sex9_3_ from user user0_ where user0_.username=?
14:26:45.772 DEBUG org.hibernate.SQL - select roles0_.user_id as user_id1_4_0_, roles0_.role_id as role_id2_4_0_, role1_.id as id1_2_1_, role1_.name as name2_2_1_ from user_role roles0_ inner join role role1_ on roles0_.role_id=role1_.id where roles0_.user_id=?
14:26:45.779 DEBUG org.hibernate.SQL - select message0_.id as id1_1_, message0_.message as message2_1_, message0_.receiver as receiver4_1_, message0_.sender as sender5_1_, message0_.time as time3_1_ from messages message0_ left outer join user user1_ on message0_.sender=user1_.id left outer join user user2_ on message0_.receiver=user2_.id where user1_.id=? or user2_.id=? order by message0_.id desc limit ?
14:26:45.783 DEBUG org.hibernate.SQL - select user0_.id as id1_3_0_, user0_.date_of_birth as date_of_2_3_0_, user0_.username as username3_3_0_, user0_.first_name as first_na4_3_0_, user0_.image as image5_3_0_, user0_.last_name as last_nam6_3_0_, user0_.password as password7_3_0_, user0_.phone as phone8_3_0_, user0_.sex as sex9_3_0_, roles1_.user_id as user_id1_4_1_, role2_.id as role_id2_4_1_, role2_.id as id1_2_2_, role2_.name as name2_2_2_ from user user0_ left outer join user_role roles1_ on user0_.id=roles1_.user_id left outer join role role2_ on roles1_.role_id=role2_.id where user0_.id=?
14:26:45.787 DEBUG org.hibernate.SQL - select user0_.id as id1_3_0_, user0_.date_of_birth as date_of_2_3_0_, user0_.username as username3_3_0_, user0_.first_name as first_na4_3_0_, user0_.image as image5_3_0_, user0_.last_name as last_nam6_3_0_, user0_.password as password7_3_0_, user0_.phone as phone8_3_0_, user0_.sex as sex9_3_0_, roles1_.user_id as user_id1_4_1_, role2_.id as role_id2_4_1_, role2_.id as id1_2_2_, role2_.name as name2_2_2_ from user user0_ left outer join user_role roles1_ on user0_.id=roles1_.user_id left outer join role role2_ on roles1_.role_id=role2_.id where user0_.id=?
14:26:45.789 DEBUG org.hibernate.SQL - select friendship0_.id as id1_0_, friendship0_.accepted as accepted2_0_, friendship0_.user_receiver as user_rec3_0_, friendship0_.user_sender as user_sen4_0_ from friendship friendship0_ where (friendship0_.user_sender=? or friendship0_.user_receiver=?) and friendship0_.accepted=1
14:26:47.502 DEBUG org.hibernate.SQL - select message0_.id as id1_1_, message0_.message as message2_1_, message0_.receiver as receiver4_1_, message0_.sender as sender5_1_, message0_.time as time3_1_ from messages message0_ where (message0_.id in (select max(message1_.id) from messages message1_ group by message1_.sender , message1_.receiver)) and (message0_.sender=? or message0_.receiver=?)
14:26:47.508 DEBUG org.hibernate.SQL - select user0_.id as id1_3_0_, user0_.date_of_birth as date_of_2_3_0_, user0_.username as username3_3_0_, user0_.first_name as first_na4_3_0_, user0_.image as image5_3_0_, user0_.last_name as last_nam6_3_0_, user0_.password as password7_3_0_, user0_.phone as phone8_3_0_, user0_.sex as sex9_3_0_, roles1_.user_id as user_id1_4_1_, role2_.id as role_id2_4_1_, role2_.id as id1_2_2_, role2_.name as name2_2_2_ from user user0_ left outer join user_role roles1_ on user0_.id=roles1_.user_id left outer join role role2_ on roles1_.role_id=role2_.id where user0_.id=?
14:26:47.511 DEBUG org.hibernate.SQL - select user0_.id as id1_3_0_, user0_.date_of_birth as date_of_2_3_0_, user0_.username as username3_3_0_, user0_.first_name as first_na4_3_0_, user0_.image as image5_3_0_, user0_.last_name as last_nam6_3_0_, user0_.password as password7_3_0_, user0_.phone as phone8_3_0_, user0_.sex as sex9_3_0_, roles1_.user_id as user_id1_4_1_, role2_.id as role_id2_4_1_, role2_.id as id1_2_2_, role2_.name as name2_2_2_ from user user0_ left outer join user_role roles1_ on user0_.id=roles1_.user_id left outer join role role2_ on roles1_.role_id=role2_.id where user0_.id=?
14:26:52.080 DEBUG org.hibernate.SQL - select user0_.id as id1_3_, user0_.date_of_birth as date_of_2_3_, user0_.username as username3_3_, user0_.first_name as first_na4_3_, user0_.image as image5_3_, user0_.last_name as last_nam6_3_, user0_.password as password7_3_, user0_.phone as phone8_3_, user0_.sex as sex9_3_ from user user0_ where user0_.id<>? order by user0_.last_name asc, user0_.first_name asc limit ?
14:26:52.087 DEBUG org.hibernate.SQL - select roles0_.user_id as user_id1_4_0_, roles0_.role_id as role_id2_4_0_, role1_.id as id1_2_1_, role1_.name as name2_2_1_ from user_role roles0_ inner join role role1_ on roles0_.role_id=role1_.id where roles0_.user_id=?
14:26:52.090 DEBUG org.hibernate.SQL - select roles0_.user_id as user_id1_4_0_, roles0_.role_id as role_id2_4_0_, role1_.id as id1_2_1_, role1_.name as name2_2_1_ from user_role roles0_ inner join role role1_ on roles0_.role_id=role1_.id where roles0_.user_id=?
14:26:52.093 DEBUG org.hibernate.SQL - select roles0_.user_id as user_id1_4_0_, roles0_.role_id as role_id2_4_0_, role1_.id as id1_2_1_, role1_.name as name2_2_1_ from user_role roles0_ inner join role role1_ on roles0_.role_id=role1_.id where roles0_.user_id=?
14:26:52.098 DEBUG org.hibernate.SQL - select count(user0_.id) as col_0_0_ from user user0_ where user0_.id<>?
14:26:53.795 DEBUG org.hibernate.SQL - select user0_.id as id1_3_0_, user0_.date_of_birth as date_of_2_3_0_, user0_.username as username3_3_0_, user0_.first_name as first_na4_3_0_, user0_.image as image5_3_0_, user0_.last_name as last_nam6_3_0_, user0_.password as password7_3_0_, user0_.phone as phone8_3_0_, user0_.sex as sex9_3_0_, roles1_.user_id as user_id1_4_1_, role2_.id as role_id2_4_1_, role2_.id as id1_2_2_, role2_.name as name2_2_2_ from user user0_ left outer join user_role roles1_ on user0_.id=roles1_.user_id left outer join role role2_ on roles1_.role_id=role2_.id where user0_.id=?
14:26:53.803 DEBUG org.hibernate.SQL - select message0_.id as id1_1_, message0_.message as message2_1_, message0_.receiver as receiver4_1_, message0_.sender as sender5_1_, message0_.time as time3_1_ from messages message0_ where message0_.sender=? and message0_.receiver=? or message0_.sender=? and message0_.receiver=? order by message0_.time
14:26:53.807 DEBUG org.hibernate.SQL - select user0_.id as id1_3_0_, user0_.date_of_birth as date_of_2_3_0_, user0_.username as username3_3_0_, user0_.first_name as first_na4_3_0_, user0_.image as image5_3_0_, user0_.last_name as last_nam6_3_0_, user0_.password as password7_3_0_, user0_.phone as phone8_3_0_, user0_.sex as sex9_3_0_, roles1_.user_id as user_id1_4_1_, role2_.id as role_id2_4_1_, role2_.id as id1_2_2_, role2_.name as name2_2_2_ from user user0_ left outer join user_role roles1_ on user0_.id=roles1_.user_id left outer join role role2_ on roles1_.role_id=role2_.id where user0_.id=?
14:30:09.097 DEBUG org.hibernate.SQL - select user0_.id as id1_3_0_, user0_.date_of_birth as date_of_2_3_0_, user0_.username as username3_3_0_, user0_.first_name as first_na4_3_0_, user0_.image as image5_3_0_, user0_.last_name as last_nam6_3_0_, user0_.password as password7_3_0_, user0_.phone as phone8_3_0_, user0_.sex as sex9_3_0_, roles1_.user_id as user_id1_4_1_, role2_.id as role_id2_4_1_, role2_.id as id1_2_2_, role2_.name as name2_2_2_ from user user0_ left outer join user_role roles1_ on user0_.id=roles1_.user_id left outer join role role2_ on roles1_.role_id=role2_.id where user0_.id=?
14:30:09.268 DEBUG org.hibernate.SQL - insert into messages (id, message, receiver, sender, time) values (null, ?, ?, ?, ?)
14:30:09.273 DEBUG org.hibernate.SQL - select user0_.id as id1_3_0_, user0_.date_of_birth as date_of_2_3_0_, user0_.username as username3_3_0_, user0_.first_name as first_na4_3_0_, user0_.image as image5_3_0_, user0_.last_name as last_nam6_3_0_, user0_.password as password7_3_0_, user0_.phone as phone8_3_0_, user0_.sex as sex9_3_0_, roles1_.user_id as user_id1_4_1_, role2_.id as role_id2_4_1_, role2_.id as id1_2_2_, role2_.name as name2_2_2_ from user user0_ left outer join user_role roles1_ on user0_.id=roles1_.user_id left outer join role role2_ on roles1_.role_id=role2_.id where user0_.id=?
14:30:09.275 DEBUG org.hibernate.SQL - select message0_.id as id1_1_, message0_.message as message2_1_, message0_.receiver as receiver4_1_, message0_.sender as sender5_1_, message0_.time as time3_1_ from messages message0_ where message0_.sender=? and message0_.receiver=? or message0_.sender=? and message0_.receiver=? order by message0_.time
14:30:09.277 DEBUG org.hibernate.SQL - select user0_.id as id1_3_0_, user0_.date_of_birth as date_of_2_3_0_, user0_.username as username3_3_0_, user0_.first_name as first_na4_3_0_, user0_.image as image5_3_0_, user0_.last_name as last_nam6_3_0_, user0_.password as password7_3_0_, user0_.phone as phone8_3_0_, user0_.sex as sex9_3_0_, roles1_.user_id as user_id1_4_1_, role2_.id as role_id2_4_1_, role2_.id as id1_2_2_, role2_.name as name2_2_2_ from user user0_ left outer join user_role roles1_ on user0_.id=roles1_.user_id left outer join role role2_ on roles1_.role_id=role2_.id where user0_.id=?
14:31:34.407 INFO  o.s.s.c.ThreadPoolTaskExecutor - Shutting down ExecutorService 'applicationTaskExecutor'
14:31:34.411 INFO  o.s.o.j.LocalContainerEntityManagerFactoryBean - Closing JPA EntityManagerFactory for persistence unit 'default'
14:31:34.414 INFO  com.zaxxer.hikari.HikariDataSource - HikariPool-1 - Shutdown initiated...
14:31:34.458 INFO  com.zaxxer.hikari.HikariDataSource - HikariPool-1 - Shutdown completed.
